     1                                 %line 1+1 addP.s
     2                                 [global _start]
     3                                 
     4                                 [section .data]
     5 00000000 2A                      bNum1 db 42
     6 00000001 49                      bNum2 db 73
     7 00000002 00                      bAns db 0
     8 00000003 E110                    wNum1 dw 4321
     9 00000005 D204                    wNum2 dw 1234
    10 00000007 0000                    wAns dw 0
    11 00000009 10A40000                dNum1 dd 42000
    12 0000000D 281D0100                dNum2 dd 73000
    13 00000011 00000000                dAns dd 0
    14 00000015 80DE800200000000        qNum1 dq 42000000
    15 0000001D 40E4590400000000        qNum2 dq 73000000
    16 00000025 0000000000000000        qAns dq 0
    17                                 
    18                                 [section .text]
    19                                 _start:
    20 00000000 8A0425[00000000]        mov al, byte [bNum1]
    21 00000007 020425[00000000]        add al, byte [bNum2]
    22 0000000E 880425[00000000]        mov byte [bAns], al
    23                                 
    24 00000015 668B0425[00000000]      mov ax, word [wNum1]
    25 0000001D 66030425[00000000]      add ax, word [wNum2]
    26 00000025 66890425[00000000]      mov word [wAns], ax
    27                                 
    28 0000002D 8B0425[00000000]        mov eax, dword [dNum1]
    29 00000034 030425[00000000]        add eax, dword [dNum2]
    30 0000003B 890425[00000000]        mov dword [dAns], eax
    31                                 
    32 00000042 488B0425[00000000]      mov rax, qword [qNum1]
    33 0000004A 48030425[00000000]      add rax, qword [qNum2]
    34 00000052 48890425[00000000]      mov qword [qAns], rax
    35                                 
    36 0000005A FEC0                    inc al
    37 0000005C 66FFC0                  inc ax
    38 0000005F FFC0                    inc eax
    39 00000061 FE0425[00000000]        inc byte [bAns]
    40 00000068 66FF0425[00000000]      inc word [wAns]
    41 00000070 FF0425[00000000]        inc dword [dAns]
    42                                 
    43 00000077 48C7C03C000000          mov rax, 60
    44 0000007E 48C7C700000000          mov rdi, 0
    45 00000085 0F05                    syscall
