     1                                 %line 1+1 data2.s
     2                                 [global _start]
     3                                 
     4                                 [section .data]
     5 00000000 00                      bVar db 0
     6 00000001 00                      wVar db 0
     7 00000002 00                      qVar db 0
     8                                 
     9                                 [section .text]
    10                                 _start:
    11 00000000 B000                    mov al,0
    12 00000002 48C7C300000000          mov rbx,0
    13 00000009 48C7C3FFFFFFFF          mov rbx,-1
    14 00000010 48C7C3FEFFFFFF          mov rbx,-2
    15 00000017 8A1C25[00000000]        mov bl,byte [bVar]
    16 0000001E 668B1C25[00000000]      mov bx,word [wVar]
    17 00000026 48BB79563412785634-     mov rbx, 0x1234567812345679
    18 00000026 12                 
    19 00000030 48891C25[00000000]      mov [qVar], rbx
    20                                 
    21 00000038 48C7C03C000000          mov rax,60
    22 0000003F 48C7C700000000          mov rdi,0
    23 00000046 0F05                    syscall
