     1                                 %line 1+1 div.s
     2                                 [global _start]
     3                                 
     4                                 [section .data]
     5 00000000 6786                    oeh dw 34407
     6 00000002 0200000000000000        divhh dq 2
     7                                 
     8 0000000A 0C                      height db 12
     9 0000000B 0F                      width db 15
    10 0000000C 0000                    R_area dw 0
    11                                 
    12 0000000E 07                      radius db 7
    13 0000000F 0000                    C_area dw 0
    14                                 
    15                                 [section .text]
    16                                 _start:
    17 00000000 668B1C25[00000000]      mov bx, word [oeh]
    18                                 
    19 00000008 8A2425[01000000]        mov ah, byte [oeh+1]
    20 0000000F 8A0425[00000000]        mov al, byte [oeh]
    21                                 
    22 00000016 B040                    mov al, 64
    23 00000018 B400                    mov ah, 0
    24 0000001A B304                    mov bl, 4
    25 0000001C F6F3                    div bl
    26                                 
    27 0000001E 8A0425[00000000]        mov al, byte [height]
    28 00000025 F62425[00000000]        mul byte [width]
    29 0000002C 66890425[00000000]      mov word [R_area], ax
    30                                 
    31 00000034 8A0425[00000000]        mov al, byte [radius]
    32 0000003B F6E0                    mul al
    33                                 
    34 0000003D B316                    mov bl, 22
    35 0000003F F6E3                    mul bl
    36                                 
    37 00000041 BB07000000              mov ebx, 7
    38 00000046 F7F3                    div ebx
    39 00000048 890425[00000000]        mov dword [C_area], eax
    40                                 
    41                                 
    42 0000004F 48C7C03C000000          mov rax, 60
    43 00000056 48C7C700000000          mov rdi, 0
    44                                 
    45 0000005D 0F05                    syscall
