     1                                 %line 1+1 imulP.s
     2                                 [global _start]
     3                                 
     4                                 [section .data]
     5 00000000 B004                    wNumA dw 1200
     6 00000002 30F8                    wNumB dw -2000
     7                                 
     8 00000004 B0040000                gNumA dd 1200
     9 00000008 30F8FFFF                gNumB dd -2000
    10                                 
    11 0000000C 0000                    wAns1 dw 0
    12 0000000E 0000                    wAns2 dw 0
    13                                 
    14 00000010 10A40000                dNumA dd 42000
    15 00000014 38CDFFFF                dNumB dd -13000
    16 00000018 00000000                dAns1 dd 0
    17 0000001C 00000000                dAns2 dd 0
    18                                 
    19 00000020 C0D4010000000000        qNumA dq 120000
    20 00000028 40E4590400000000        qNumB dq 73000000
    21 00000030 0000000000000000        qAns1 dq 0
    22 00000038 0000000000000000        qAns2 dq 0
    23                                 
    24 00000040 000000000000000000-     dqAns4 ddq 0
    25 00000040 00000000000000     
    26                                 
    27                                 [section .text]
    28                                 _start:
    29 00000000 668B0425[00000000]      mov ax, word [wNumA]
    30 00000008 666BC0F3                imul ax, -13
    31 0000000C 66890425[00000000]      mov word [wAns1], ax
    32                                 
    33 00000014 8B0425[00000000]        mov eax, dword [gNumA]
    34 0000001B 0FAF0425[00000000]      imul eax, dword [gNumB]
    35                                 
    36                                 
    37 00000023 8B0425[00000000]        mov eax, dword [dNumA]
    38 0000002A 6BC071                  imul eax, 113
    39 0000002D 890425[00000000]        mov dword [dAns1], eax
    40                                 
    41 00000034 8B0425[00000000]        mov eax, dword [dNumA]
    42 0000003B 0FAF0425[00000000]      imul eax, dword [dNumB]
    43 00000043 890425[00000000]        mov dword [dAns2], eax
    44                                 
    45 0000004A 488B0425[00000000]      mov rax, qword [qNumA]
    46 00000052 4869C0B81B0000          imul rax, 7096
    47 00000059 48890425[00000000]      mov qword [qAns1], rax
    48                                 
    49 00000061 488B0425[00000000]      mov rax, qword [qNumA]
    50 00000069 480FAF0425[00000000]      imul rax, qword [qNumB]
    51 00000072 48890425[00000000]      mov qword [qAns2], rax
    52                                 
    53 0000007A 48C7C03C000000          mov rax, 60
    54 00000081 48C7C700000000          mov rdi, 0
    55 00000088 0F05                    syscall
