     1                                 %line 1+1 mulP.s
     2                                 [global _start]
     3                                 
     4                                 [section .data]
     5 00000000 0F                      bNumA db 15
     6 00000001 0C                      bNumB db 12
     7 00000002 0000                    wAns dw 0
     8 00000004 0000                    wAns1 dw 0
     9 00000006 E110                    wNumA dw 4321
    10 00000008 D204                    wNumB dw 1234
    11 0000000A 00000000                dAns2 dd 0
    12 0000000E 10A40000                dNumA dd 42000
    13 00000012 281D0100                dNumB dd 73000
    14 00000016 0000000000000000        qAns3 dq 0
    15 0000001E 80DE800200000000        qNumA dq 42000000
    16 00000026 40E4590400000000        qNumB dq 73000000
    17 0000002E 000000000000000000-     dqAns4 ddq 0
    18 0000002E 00000000000000     
    19                                 
    20                                 [section .text]
    21                                 _start:
    22 00000000 8A0425[00000000]        mov al, byte [bNumA]
    23 00000007 F6E0                    mul al
    24 00000009 66890425[00000000]      mov word [wAns], ax
    25                                 
    26                                 
    27                                 
    28 00000011 8A0425[00000000]        mov al, byte [bNumA]
    29 00000018 F62425[00000000]        mul byte [bNumB]
    30 0000001F 66890425[00000000]      mov word [wAns1], ax
    31                                 
    32 00000027 668B0425[00000000]      mov ax, word [wNumA]
    33 0000002F 66F72425[00000000]      mul word [wNumB]
    34 00000037 66890425[00000000]      mov word [dAns2], ax
    35 0000003F 66891425[02000000]      mov word [dAns2+2], dx
    36                                 
    37 00000047 8B0425[00000000]        mov eax, dword [dNumA]
    38 0000004E F72425[00000000]        mul dword [dNumB]
    39 00000055 890425[00000000]        mov dword [qAns3], eax
    40 0000005C 891425[04000000]        mov dword [qAns3+4], edx
    41                                 
    42 00000063 488B0425[00000000]      mov rax, qword [qNumA]
    43 0000006B 48F72425[00000000]      mul qword [qNumB]
    44 00000073 48890425[00000000]      mov qword [dqAns4], rax
    45 0000007B 48891425[08000000]      mov qword [dqAns4+8], rdx
    46                                 
    47 00000083 48C7C03C000000          mov rax, 60
    48 0000008A 48C7C700000000          mov rdi, 0
    49 00000091 0F05                    syscall
